This is pdfTeX, Version 3.14159265-2.6-1.40.19 (MiKTeX 2.9.6930 64-bit) (preloaded format=pdflatex 2019.1.22)  7 JUN 2019 15:29
entering extended mode
**./capitolo_14-15.tex
(capitolo_14-15.tex
LaTeX2e <2018-12-01>
("D:\Software\Software Scuola\MikText\tex/latex/beamer\beamer.cls"
Document Class: beamer 2018/12/02 v3.55 A class for typesetting presentations
("D:\Software\Software Scuola\MikText\tex/latex/beamer\beamerbasemodes.sty"
("D:\Software\Software Scuola\MikText\tex/latex/etoolbox\etoolbox.sty"
Package: etoolbox 2018/08/19 v2.5f e-TeX tools for LaTeX (JAW)
\etb@tempcnta=\count80
)
\beamer@tempbox=\box27
\beamer@tempcount=\count81
\c@beamerpauses=\count82

("D:\Software\Software Scuola\MikText\tex/latex/beamer\beamerbasedecode.sty"
\beamer@slideinframe=\count83
\beamer@minimum=\count84
)
\beamer@commentbox=\box28
\beamer@modecount=\count85
)
("D:\Software\Software Scuola\MikText\tex/generic/oberdiek\ifpdf.sty"
Package: ifpdf 2018/09/07 v3.3 Provides the ifpdf switch
)
\headdp=\dimen102
\footheight=\dimen103
\sidebarheight=\dimen104
\beamer@tempdim=\dimen105
\beamer@finalheight=\dimen106
\beamer@animht=\dimen107
\beamer@animdp=\dimen108
\beamer@animwd=\dimen109
\beamer@leftmargin=\dimen110
\beamer@rightmargin=\dimen111
\beamer@leftsidebar=\dimen112
\beamer@rightsidebar=\dimen113
\beamer@boxsize=\dimen114
\beamer@vboxoffset=\dimen115
\beamer@descdefault=\dimen116
\beamer@descriptionwidth=\dimen117
\beamer@lastskip=\skip41
\beamer@areabox=\box29
\beamer@animcurrent=\box30
\beamer@animshowbox=\box31
\beamer@sectionbox=\box32
\beamer@logobox=\box33
\beamer@linebox=\box34
\beamer@sectioncount=\count86
\beamer@subsubsectionmax=\count87
\beamer@subsectionmax=\count88
\beamer@sectionmax=\count89
\beamer@totalheads=\count90
\beamer@headcounter=\count91
\beamer@partstartpage=\count92
\beamer@sectionstartpage=\count93
\beamer@subsectionstartpage=\count94
\beamer@animationtempa=\count95
\beamer@animationtempb=\count96
\beamer@xpos=\count97
\beamer@ypos=\count98
\beamer@ypos@offset=\count99
\beamer@showpartnumber=\count100
\beamer@currentsubsection=\count101
\beamer@coveringdepth=\count102
\beamer@sectionadjust=\count103
\beamer@tocsectionnumber=\count104

("D:\Software\Software Scuola\MikText\tex/latex/beamer\beamerbaseoptions.sty"
("D:\Software\Software Scuola\MikText\tex/latex/graphics\keyval.sty"
Package: keyval 2014/10/28 v1.15 key=value parser (DPC)
\KV@toks@=\toks14
))
\beamer@paperwidth=\skip42
\beamer@paperheight=\skip43

("D:\Software\Software Scuola\MikText\tex/latex/geometry\geometry.sty"
Package: geometry 2018/04/16 v5.8 Page Geometry

("D:\Software\Software Scuola\MikText\tex/generic/oberdiek\ifvtex.sty"
Package: ifvtex 2016/05/16 v1.6 Detect VTeX and its facilities (HO)
Package ifvtex Info: VTeX not detected.
)
("D:\Software\Software Scuola\MikText\tex/generic/ifxetex\ifxetex.sty"
Package: ifxetex 2010/09/12 v0.6 Provides ifxetex conditional
)
\Gm@cnth=\count105
\Gm@cntv=\count106
\c@Gm@tempcnt=\count107
\Gm@bindingoffset=\dimen118
\Gm@wd@mp=\dimen119
\Gm@odd@mp=\dimen120
\Gm@even@mp=\dimen121
\Gm@layoutwidth=\dimen122
\Gm@layoutheight=\dimen123
\Gm@layouthoffset=\dimen124
\Gm@layoutvoffset=\dimen125
\Gm@dimlist=\toks15

("D:\Software\Software Scuola\MikText\tex/latex/geometry\geometry.cfg"))
("D:\Software\Software Scuola\MikText\tex/latex/base\size11.clo"
File: size11.clo 2018/09/03 v1.4i Standard LaTeX file (size option)
)
("D:\Software\Software Scuola\MikText\tex/latex/pgf/basiclayer\pgfcore.sty"
("D:\Software\Software Scuola\MikText\tex/latex/graphics\graphicx.sty"
Package: graphicx 2017/06/01 v1.1a Enhanced LaTeX Graphics (DPC,SPQR)

("D:\Software\Software Scuola\MikText\tex/latex/graphics\graphics.sty"
Package: graphics 2017/06/25 v1.2c Standard LaTeX Graphics (DPC,SPQR)

("D:\Software\Software Scuola\MikText\tex/latex/graphics\trig.sty"
Package: trig 2016/01/03 v1.10 sin cos tan (DPC)
)
("D:\Software\Software Scuola\MikText\tex/latex/graphics-cfg\graphics.cfg"
File: graphics.cfg 2016/06/04 v1.11 sample graphics configuration
)
Package graphics Info: Driver file: pdftex.def on input line 99.

("D:\Software\Software Scuola\MikText\tex/latex/graphics-def\pdftex.def"
File: pdftex.def 2018/01/08 v1.0l Graphics/color driver for pdftex
))
\Gin@req@height=\dimen126
\Gin@req@width=\dimen127
)
("D:\Software\Software Scuola\MikText\tex/latex/pgf/systemlayer\pgfsys.sty"
("D:\Software\Software Scuola\MikText\tex/latex/pgf/utilities\pgfrcs.sty"
("D:\Software\Software Scuola\MikText\tex/generic/pgf/utilities\pgfutil-common.
tex"
\pgfutil@everybye=\toks16
\pgfutil@tempdima=\dimen128
\pgfutil@tempdimb=\dimen129

("D:\Software\Software Scuola\MikText\tex/generic/pgf/utilities\pgfutil-common-
lists.tex"))
("D:\Software\Software Scuola\MikText\tex/generic/pgf/utilities\pgfutil-latex.d
ef"
\pgfutil@abb=\box35
 ("D:\Software\Software Scuola\MikText\tex/latex/ms\everyshi.sty"
Package: everyshi 2001/05/15 v3.00 EveryShipout Package (MS)
))
("D:\Software\Software Scuola\MikText\tex/generic/pgf/utilities\pgfrcs.code.tex
" ("D:\Software\Software Scuola\MikText\tex/generic/pgf\pgf.revision.tex")
Package: pgfrcs 2019/05/09 v3.1.3 (3.1.3)
))
("D:\Software\Software Scuola\MikText\tex/generic/pgf/systemlayer\pgfsys.code.t
ex"
Package: pgfsys 2019/05/09 v3.1.3 (3.1.3)

("D:\Software\Software Scuola\MikText\tex/generic/pgf/utilities\pgfkeys.code.te
x"
\pgfkeys@pathtoks=\toks17
\pgfkeys@temptoks=\toks18

("D:\Software\Software Scuola\MikText\tex/generic/pgf/utilities\pgfkeysfiltered
.code.tex"
\pgfkeys@tmptoks=\toks19
))
\pgf@x=\dimen130
\pgf@y=\dimen131
\pgf@xa=\dimen132
\pgf@ya=\dimen133
\pgf@xb=\dimen134
\pgf@yb=\dimen135
\pgf@xc=\dimen136
\pgf@yc=\dimen137
\pgf@xd=\dimen138
\pgf@yd=\dimen139
\w@pgf@writea=\write3
\r@pgf@reada=\read1
\c@pgf@counta=\count108
\c@pgf@countb=\count109
\c@pgf@countc=\count110
\c@pgf@countd=\count111
\t@pgf@toka=\toks20
\t@pgf@tokb=\toks21
\t@pgf@tokc=\toks22
\pgf@sys@id@count=\count112

("D:\Software\Software Scuola\MikText\tex/generic/pgf/systemlayer\pgf.cfg"
File: pgf.cfg 2019/05/09 v3.1.3 (3.1.3)
)
Driver file for pgf: pgfsys-pdftex.def

("D:\Software\Software Scuola\MikText\tex/generic/pgf/systemlayer\pgfsys-pdftex
.def"
File: pgfsys-pdftex.def 2019/05/09 v3.1.3 (3.1.3)

("D:\Software\Software Scuola\MikText\tex/generic/pgf/systemlayer\pgfsys-common
-pdf.def"
File: pgfsys-common-pdf.def 2019/05/09 v3.1.3 (3.1.3)
)))
("D:\Software\Software Scuola\MikText\tex/generic/pgf/systemlayer\pgfsyssoftpat
h.code.tex"
File: pgfsyssoftpath.code.tex 2019/05/09 v3.1.3 (3.1.3)
\pgfsyssoftpath@smallbuffer@items=\count113
\pgfsyssoftpath@bigbuffer@items=\count114
)
("D:\Software\Software Scuola\MikText\tex/generic/pgf/systemlayer\pgfsysprotoco
l.code.tex"
File: pgfsysprotocol.code.tex 2019/05/09 v3.1.3 (3.1.3)
)) ("D:\Software\Software Scuola\MikText\tex/latex/xcolor\xcolor.sty"
Package: xcolor 2016/05/11 v2.12 LaTeX color extensions (UK)
 ("D:\Software\Software Scuola\MikText\tex/latex/graphics-cfg\color.cfg"
File: color.cfg 2016/01/02 v1.6 sample color configuration
)
Package xcolor Info: Driver file: pdftex.def on input line 225.
Package xcolor Info: Model `cmy' substituted by `cmy0' on input line 1348.
Package xcolor Info: Model `hsb' substituted by `rgb' on input line 1352.
Package xcolor Info: Model `RGB' extended on input line 1364.
Package xcolor Info: Model `HTML' substituted by `rgb' on input line 1366.
Package xcolor Info: Model `Hsb' substituted by `hsb' on input line 1367.
Package xcolor Info: Model `tHsb' substituted by `hsb' on input line 1368.
Package xcolor Info: Model `HSB' substituted by `hsb' on input line 1369.
Package xcolor Info: Model `Gray' substituted by `gray' on input line 1370.
Package xcolor Info: Model `wave' substituted by `hsb' on input line 1371.
)
("D:\Software\Software Scuola\MikText\tex/generic/pgf/basiclayer\pgfcore.code.t
ex"
Package: pgfcore 2019/05/09 v3.1.3 (3.1.3)
 ("D:\Software\Software Scuola\MikText\tex/generic/pgf/math\pgfmath.code.tex"
("D:\Software\Software Scuola\MikText\tex/generic/pgf/math\pgfmathcalc.code.tex
"
("D:\Software\Software Scuola\MikText\tex/generic/pgf/math\pgfmathutil.code.tex
")
("D:\Software\Software Scuola\MikText\tex/generic/pgf/math\pgfmathparser.code.t
ex"
\pgfmath@dimen=\dimen140
\pgfmath@count=\count115
\pgfmath@box=\box36
\pgfmath@toks=\toks23
\pgfmath@stack@operand=\toks24
\pgfmath@stack@operation=\toks25
)
("D:\Software\Software Scuola\MikText\tex/generic/pgf/math\pgfmathfunctions.cod
e.tex"
("D:\Software\Software Scuola\MikText\tex/generic/pgf/math\pgfmathfunctions.bas
ic.code.tex")
("D:\Software\Software Scuola\MikText\tex/generic/pgf/math\pgfmathfunctions.tri
gonometric.code.tex")
("D:\Software\Software Scuola\MikText\tex/generic/pgf/math\pgfmathfunctions.ran
dom.code.tex")
("D:\Software\Software Scuola\MikText\tex/generic/pgf/math\pgfmathfunctions.com
parison.code.tex")
("D:\Software\Software Scuola\MikText\tex/generic/pgf/math\pgfmathfunctions.bas
e.code.tex")
("D:\Software\Software Scuola\MikText\tex/generic/pgf/math\pgfmathfunctions.rou
nd.code.tex")
("D:\Software\Software Scuola\MikText\tex/generic/pgf/math\pgfmathfunctions.mis
c.code.tex")
("D:\Software\Software Scuola\MikText\tex/generic/pgf/math\pgfmathfunctions.int
egerarithmetics.code.tex")))
("D:\Software\Software Scuola\MikText\tex/generic/pgf/math\pgfmathfloat.code.te
x"
\c@pgfmathroundto@lastzeros=\count116
)) ("D:\Software\Software Scuola\MikText\tex/generic/pgf/math\pgfint.code.tex")

("D:\Software\Software Scuola\MikText\tex/generic/pgf/basiclayer\pgfcorepoints.
code.tex"
File: pgfcorepoints.code.tex 2019/05/09 v3.1.3 (3.1.3)
\pgf@picminx=\dimen141
\pgf@picmaxx=\dimen142
\pgf@picminy=\dimen143
\pgf@picmaxy=\dimen144
\pgf@pathminx=\dimen145
\pgf@pathmaxx=\dimen146
\pgf@pathminy=\dimen147
\pgf@pathmaxy=\dimen148
\pgf@xx=\dimen149
\pgf@xy=\dimen150
\pgf@yx=\dimen151
\pgf@yy=\dimen152
\pgf@zx=\dimen153
\pgf@zy=\dimen154
)
("D:\Software\Software Scuola\MikText\tex/generic/pgf/basiclayer\pgfcorepathcon
struct.code.tex"
File: pgfcorepathconstruct.code.tex 2019/05/09 v3.1.3 (3.1.3)
\pgf@path@lastx=\dimen155
\pgf@path@lasty=\dimen156
)
("D:\Software\Software Scuola\MikText\tex/generic/pgf/basiclayer\pgfcorepathusa
ge.code.tex"
File: pgfcorepathusage.code.tex 2019/05/09 v3.1.3 (3.1.3)
\pgf@shorten@end@additional=\dimen157
\pgf@shorten@start@additional=\dimen158
)
("D:\Software\Software Scuola\MikText\tex/generic/pgf/basiclayer\pgfcorescopes.
code.tex"
File: pgfcorescopes.code.tex 2019/05/09 v3.1.3 (3.1.3)
\pgfpic=\box37
\pgf@hbox=\box38
\pgf@layerbox@main=\box39
\pgf@picture@serial@count=\count117
)
("D:\Software\Software Scuola\MikText\tex/generic/pgf/basiclayer\pgfcoregraphic
state.code.tex"
File: pgfcoregraphicstate.code.tex 2019/05/09 v3.1.3 (3.1.3)
\pgflinewidth=\dimen159
)
("D:\Software\Software Scuola\MikText\tex/generic/pgf/basiclayer\pgfcoretransfo
rmations.code.tex"
File: pgfcoretransformations.code.tex 2019/05/09 v3.1.3 (3.1.3)
\pgf@pt@x=\dimen160
\pgf@pt@y=\dimen161
\pgf@pt@temp=\dimen162
)
("D:\Software\Software Scuola\MikText\tex/generic/pgf/basiclayer\pgfcorequick.c
ode.tex"
File: pgfcorequick.code.tex 2019/05/09 v3.1.3 (3.1.3)
)
("D:\Software\Software Scuola\MikText\tex/generic/pgf/basiclayer\pgfcoreobjects
.code.tex"
File: pgfcoreobjects.code.tex 2019/05/09 v3.1.3 (3.1.3)
)
("D:\Software\Software Scuola\MikText\tex/generic/pgf/basiclayer\pgfcorepathpro
cessing.code.tex"
File: pgfcorepathprocessing.code.tex 2019/05/09 v3.1.3 (3.1.3)
)
("D:\Software\Software Scuola\MikText\tex/generic/pgf/basiclayer\pgfcorearrows.
code.tex"
File: pgfcorearrows.code.tex 2019/05/09 v3.1.3 (3.1.3)
\pgfarrowsep=\dimen163
)
("D:\Software\Software Scuola\MikText\tex/generic/pgf/basiclayer\pgfcoreshade.c
ode.tex"
File: pgfcoreshade.code.tex 2019/05/09 v3.1.3 (3.1.3)
\pgf@max=\dimen164
\pgf@sys@shading@range@num=\count118
\pgf@shadingcount=\count119
)
("D:\Software\Software Scuola\MikText\tex/generic/pgf/basiclayer\pgfcoreimage.c
ode.tex"
File: pgfcoreimage.code.tex 2019/05/09 v3.1.3 (3.1.3)

("D:\Software\Software Scuola\MikText\tex/generic/pgf/basiclayer\pgfcoreexterna
l.code.tex"
File: pgfcoreexternal.code.tex 2019/05/09 v3.1.3 (3.1.3)
\pgfexternal@startupbox=\box40
))
("D:\Software\Software Scuola\MikText\tex/generic/pgf/basiclayer\pgfcorelayers.
code.tex"
File: pgfcorelayers.code.tex 2019/05/09 v3.1.3 (3.1.3)
)
("D:\Software\Software Scuola\MikText\tex/generic/pgf/basiclayer\pgfcoretranspa
rency.code.tex"
File: pgfcoretransparency.code.tex 2019/05/09 v3.1.3 (3.1.3)
)
("D:\Software\Software Scuola\MikText\tex/generic/pgf/basiclayer\pgfcorepattern
s.code.tex"
File: pgfcorepatterns.code.tex 2019/05/09 v3.1.3 (3.1.3)
)
("D:\Software\Software Scuola\MikText\tex/generic/pgf/basiclayer\pgfcorerdf.cod
e.tex"
File: pgfcorerdf.code.tex 2019/05/09 v3.1.3 (3.1.3)
)))
("D:\Software\Software Scuola\MikText\tex/latex/pgf/utilities\xxcolor.sty"
Package: xxcolor 2003/10/24 ver 0.1
\XC@nummixins=\count120
\XC@countmixins=\count121
)
("D:\Software\Software Scuola\MikText\tex/generic/oberdiek\atbegshi.sty"
Package: atbegshi 2016/06/09 v1.18 At begin shipout hook (HO)

("D:\Software\Software Scuola\MikText\tex/generic/oberdiek\infwarerr.sty"
Package: infwarerr 2016/05/16 v1.4 Providing info/warning/error messages (HO)
)
("D:\Software\Software Scuola\MikText\tex/generic/oberdiek\ltxcmds.sty"
Package: ltxcmds 2016/05/16 v1.23 LaTeX kernel commands for general use (HO)
))
("D:\Software\Software Scuola\MikText\tex/latex/hyperref\hyperref.sty"
Package: hyperref 2018/11/30 v6.88e Hypertext links for LaTeX

("D:\Software\Software Scuola\MikText\tex/generic/oberdiek\hobsub-hyperref.sty"
Package: hobsub-hyperref 2016/05/16 v1.14 Bundle oberdiek, subset hyperref (HO)

("D:\Software\Software Scuola\MikText\tex/generic/oberdiek\hobsub-generic.sty"
Package: hobsub-generic 2016/05/16 v1.14 Bundle oberdiek, subset generic (HO)
Package: hobsub 2016/05/16 v1.14 Construct package bundles (HO)
Package hobsub Info: Skipping package `infwarerr' (already loaded).
Package hobsub Info: Skipping package `ltxcmds' (already loaded).
Package: ifluatex 2016/05/16 v1.4 Provides the ifluatex switch (HO)
Package ifluatex Info: LuaTeX not detected.
Package hobsub Info: Skipping package `ifvtex' (already loaded).
Package: intcalc 2016/05/16 v1.2 Expandable calculations with integers (HO)
Package hobsub Info: Skipping package `ifpdf' (already loaded).
Package: etexcmds 2016/05/16 v1.6 Avoid name clashes with e-TeX commands (HO)
Package: kvsetkeys 2016/05/16 v1.17 Key value parser (HO)
Package: kvdefinekeys 2016/05/16 v1.4 Define keys (HO)
Package: pdftexcmds 2018/09/10 v0.29 Utility functions of pdfTeX for LuaTeX (HO
)
Package pdftexcmds Info: LuaTeX not detected.
Package pdftexcmds Info: \pdf@primitive is available.
Package pdftexcmds Info: \pdf@ifprimitive is available.
Package pdftexcmds Info: \pdfdraftmode found.
Package: pdfescape 2016/05/16 v1.14 Implements pdfTeX's escape features (HO)
Package: bigintcalc 2016/05/16 v1.4 Expandable calculations on big integers (HO
)
Package: bitset 2016/05/16 v1.2 Handle bit-vector datatype (HO)
Package: uniquecounter 2016/05/16 v1.3 Provide unlimited unique counter (HO)
)
Package hobsub Info: Skipping package `hobsub' (already loaded).
Package: letltxmacro 2016/05/16 v1.5 Let assignment for LaTeX macros (HO)
Package: hopatch 2016/05/16 v1.3 Wrapper for package hooks (HO)
Package: xcolor-patch 2016/05/16 xcolor patch
Package: atveryend 2016/05/16 v1.9 Hooks at the very end of document (HO)
Package hobsub Info: Skipping package `atbegshi' (already loaded).
Package: refcount 2016/05/16 v3.5 Data extraction from label references (HO)
Package: hycolor 2016/05/16 v1.8 Color options for hyperref/bookmark (HO)
) ("D:\Software\Software Scuola\MikText\tex/latex/oberdiek\auxhook.sty"
Package: auxhook 2016/05/16 v1.4 Hooks for auxiliary files (HO)
)
("D:\Software\Software Scuola\MikText\tex/latex/oberdiek\kvoptions.sty"
Package: kvoptions 2016/05/16 v3.12 Key value format for package options (HO)
)
\@linkdim=\dimen165
\Hy@linkcounter=\count122
\Hy@pagecounter=\count123

("D:\Software\Software Scuola\MikText\tex/latex/hyperref\pd1enc.def"
File: pd1enc.def 2018/11/30 v6.88e Hyperref: PDFDocEncoding definition (HO)
Now handling font encoding PD1 ...
... no UTF-8 mapping file for font encoding PD1
)
\Hy@SavedSpaceFactor=\count124

("D:\Software\Software Scuola\MikText\tex/latex/00miktex\hyperref.cfg"
File: hyperref.cfg 2002/06/06 v1.2 hyperref configuration of TeXLive
)
Package hyperref Info: Option `bookmarks' set `true' on input line 4393.
Package hyperref Info: Option `bookmarksopen' set `true' on input line 4393.
Package hyperref Info: Option `implicit' set `false' on input line 4393.
Package hyperref Info: Hyper figures OFF on input line 4519.
Package hyperref Info: Link nesting OFF on input line 4524.
Package hyperref Info: Hyper index ON on input line 4527.
Package hyperref Info: Plain pages OFF on input line 4534.
Package hyperref Info: Backreferencing OFF on input line 4539.
Package hyperref Info: Implicit mode OFF; no redefinition of LaTeX internals.
Package hyperref Info: Bookmarks ON on input line 4772.
\c@Hy@tempcnt=\count125

("D:\Software\Software Scuola\MikText\tex/latex/url\url.sty"
\Urlmuskip=\muskip10
Package: url 2013/09/16  ver 3.4  Verb mode for urls, etc.
)
LaTeX Info: Redefining \url on input line 5125.
\XeTeXLinkMargin=\dimen166
\Fld@menulength=\count126
\Field@Width=\dimen167
\Fld@charsize=\dimen168
Package hyperref Info: Hyper figures OFF on input line 6380.
Package hyperref Info: Link nesting OFF on input line 6385.
Package hyperref Info: Hyper index ON on input line 6388.
Package hyperref Info: backreferencing OFF on input line 6395.
Package hyperref Info: Link coloring OFF on input line 6400.
Package hyperref Info: Link coloring with OCG OFF on input line 6405.
Package hyperref Info: PDF/A mode OFF on input line 6410.
LaTeX Info: Redefining \ref on input line 6450.
LaTeX Info: Redefining \pageref on input line 6454.
\Hy@abspage=\count127


Package hyperref Message: Stopped early.

)
Package hyperref Info: Driver (autodetected): hpdftex.
 ("D:\Software\Software Scuola\MikText\tex/latex/hyperref\hpdftex.def"
File: hpdftex.def 2018/11/30 v6.88e Hyperref driver for pdfTeX
\Fld@listcount=\count128
\c@bookmark@seq@number=\count129

("D:\Software\Software Scuola\MikText\tex/latex/oberdiek\rerunfilecheck.sty"
Package: rerunfilecheck 2016/05/16 v1.8 Rerun checks for auxiliary files (HO)
Package uniquecounter Info: New unique counter `rerunfilecheck' on input line 2
82.
))
("D:\Software\Software Scuola\MikText\tex/latex/beamer\beamerbaserequires.sty"
("D:\Software\Software Scuola\MikText\tex/latex/beamer\beamerbasecompatibility.
sty") ("D:\Software\Software Scuola\MikText\tex/latex/beamer\beamerbasefont.sty
" ("D:\Software\Software Scuola\MikText\tex/latex/amsfonts\amssymb.sty"
Package: amssymb 2013/01/14 v3.01 AMS font symbols

("D:\Software\Software Scuola\MikText\tex/latex/amsfonts\amsfonts.sty"
Package: amsfonts 2013/01/14 v3.01 Basic AMSFonts support
\@emptytoks=\toks26
\symAMSa=\mathgroup4
\symAMSb=\mathgroup5
LaTeX Font Info:    Overwriting math alphabet `\mathfrak' in version `bold'
(Font)                  U/euf/m/n --> U/euf/b/n on input line 106.
))
("D:\Software\Software Scuola\MikText\tex/latex/sansmathaccent\sansmathaccent.s
ty"
Package: sansmathaccent 2013/03/28
 ("D:\Software\Software Scuola\MikText\tex/latex/filehook\filehook.sty"
Package: filehook 2011/10/12 v0.5d Hooks for input files
)))
("D:\Software\Software Scuola\MikText\tex/latex/beamer\beamerbasetranslator.sty
" ("D:\Software\Software Scuola\MikText\tex/latex/translator\translator.sty"
Package: translator 2018/01/04 v1.12 Easy translation of strings in LaTeX
))
("D:\Software\Software Scuola\MikText\tex/latex/beamer\beamerbasemisc.sty")
("D:\Software\Software Scuola\MikText\tex/latex/beamer\beamerbasetwoscreens.sty
") ("D:\Software\Software Scuola\MikText\tex/latex/beamer\beamerbaseoverlay.sty
"
\beamer@argscount=\count130
\beamer@lastskipcover=\skip44
\beamer@trivlistdepth=\count131
) ("D:\Software\Software Scuola\MikText\tex/latex/beamer\beamerbasetitle.sty") 
("D:\Software\Software Scuola\MikText\tex/latex/beamer\beamerbasesection.sty"
\c@lecture=\count132
\c@part=\count133
\c@section=\count134
\c@subsection=\count135
\c@subsubsection=\count136
) ("D:\Software\Software Scuola\MikText\tex/latex/beamer\beamerbaseframe.sty"
\beamer@framebox=\box41
\beamer@frametitlebox=\box42
\beamer@zoombox=\box43
\beamer@zoomcount=\count137
\beamer@zoomframecount=\count138
\beamer@frametextheight=\dimen169
\c@subsectionslide=\count139
\beamer@frametopskip=\skip45
\beamer@framebottomskip=\skip46
\beamer@frametopskipautobreak=\skip47
\beamer@framebottomskipautobreak=\skip48
\beamer@envbody=\toks27
\framewidth=\dimen170
\c@framenumber=\count140
)
("D:\Software\Software Scuola\MikText\tex/latex/beamer\beamerbaseverbatim.sty"
\beamer@verbatimfileout=\write4
) ("D:\Software\Software Scuola\MikText\tex/latex/beamer\beamerbaseframesize.st
y"
\beamer@splitbox=\box44
\beamer@autobreakcount=\count141
\beamer@autobreaklastheight=\dimen171
\beamer@frametitletoks=\toks28
\beamer@framesubtitletoks=\toks29
)
("D:\Software\Software Scuola\MikText\tex/latex/beamer\beamerbaseframecomponent
s.sty"
\beamer@footins=\box45
)
("D:\Software\Software Scuola\MikText\tex/latex/beamer\beamerbasecolor.sty")
("D:\Software\Software Scuola\MikText\tex/latex/beamer\beamerbasenotes.sty"
\beamer@frameboxcopy=\box46
)
("D:\Software\Software Scuola\MikText\tex/latex/beamer\beamerbasetoc.sty")
("D:\Software\Software Scuola\MikText\tex/latex/beamer\beamerbasetemplates.sty"
\beamer@sbttoks=\toks30

("D:\Software\Software Scuola\MikText\tex/latex/beamer\beamerbaseauxtemplates.s
ty" ("D:\Software\Software Scuola\MikText\tex/latex/beamer\beamerbaseboxes.sty"
\bmb@box=\box47
\bmb@colorbox=\box48
\bmb@boxshadow=\box49
\bmb@boxshadowball=\box50
\bmb@boxshadowballlarge=\box51
\bmb@temp=\dimen172
\bmb@dima=\dimen173
\bmb@dimb=\dimen174
\bmb@prevheight=\dimen175
)
\beamer@blockheadheight=\dimen176
))
("D:\Software\Software Scuola\MikText\tex/latex/beamer\beamerbaselocalstructure
.sty" ("D:\Software\Software Scuola\MikText\tex/latex/tools\enumerate.sty"
Package: enumerate 2015/07/23 v3.00 enumerate extensions (DPC)
\@enLab=\toks31
)
\c@figure=\count142
\c@table=\count143
\abovecaptionskip=\skip49
\belowcaptionskip=\skip50
)
("D:\Software\Software Scuola\MikText\tex/latex/beamer\beamerbasenavigation.sty
"
\beamer@section@min@dim=\dimen177
) ("D:\Software\Software Scuola\MikText\tex/latex/beamer\beamerbasetheorems.sty
" ("D:\Software\Software Scuola\MikText\tex/latex/amsmath\amsmath.sty"
Package: amsmath 2018/12/01 v2.17b AMS math features
\@mathmargin=\skip51

For additional information on amsmath, use the `?' option.
("D:\Software\Software Scuola\MikText\tex/latex/amsmath\amstext.sty"
Package: amstext 2000/06/29 v2.01 AMS text

("D:\Software\Software Scuola\MikText\tex/latex/amsmath\amsgen.sty"
File: amsgen.sty 1999/11/30 v2.0 generic functions
\@emptytoks=\toks32
\ex@=\dimen178
))
("D:\Software\Software Scuola\MikText\tex/latex/amsmath\amsbsy.sty"
Package: amsbsy 1999/11/29 v1.2d Bold Symbols
\pmbraise@=\dimen179
)
("D:\Software\Software Scuola\MikText\tex/latex/amsmath\amsopn.sty"
Package: amsopn 2016/03/08 v2.02 operator names
)
\inf@bad=\count144
LaTeX Info: Redefining \frac on input line 223.
\uproot@=\count145
\leftroot@=\count146
LaTeX Info: Redefining \overline on input line 385.
\classnum@=\count147
\DOTSCASE@=\count148
LaTeX Info: Redefining \ldots on input line 482.
LaTeX Info: Redefining \dots on input line 485.
LaTeX Info: Redefining \cdots on input line 606.
\Mathstrutbox@=\box52
\strutbox@=\box53
\big@size=\dimen180
LaTeX Font Info:    Redeclaring font encoding OML on input line 729.
LaTeX Font Info:    Redeclaring font encoding OMS on input line 730.
\macc@depth=\count149
\c@MaxMatrixCols=\count150
\dotsspace@=\muskip11
\c@parentequation=\count151
\dspbrk@lvl=\count152
\tag@help=\toks33
\row@=\count153
\column@=\count154
\maxfields@=\count155
\andhelp@=\toks34
\eqnshift@=\dimen181
\alignsep@=\dimen182
\tagshift@=\dimen183
\tagwidth@=\dimen184
\totwidth@=\dimen185
\lineht@=\dimen186
\@envbody=\toks35
\multlinegap=\skip52
\multlinetaggap=\skip53
\mathdisplay@stack=\toks36
LaTeX Info: Redefining \[ on input line 2844.
LaTeX Info: Redefining \] on input line 2845.
)
("D:\Software\Software Scuola\MikText\tex/latex/amscls\amsthm.sty"
Package: amsthm 2017/10/31 v2.20.4
\thm@style=\toks37
\thm@bodyfont=\toks38
\thm@headfont=\toks39
\thm@notefont=\toks40
\thm@headpunct=\toks41
\thm@preskip=\skip54
\thm@postskip=\skip55
\thm@headsep=\skip56
\dth@everypar=\toks42
)
\c@theorem=\count156
)
("D:\Software\Software Scuola\MikText\tex/latex/beamer\beamerbasethemes.sty"))
("D:\Software\Software Scuola\MikText\tex/latex/beamer\beamerthemedefault.sty"
("D:\Software\Software Scuola\MikText\tex/latex/beamer\beamerfontthemedefault.s
ty")
("D:\Software\Software Scuola\MikText\tex/latex/beamer\beamercolorthemedefault.
sty")
("D:\Software\Software Scuola\MikText\tex/latex/beamer\beamerinnerthemedefault.
sty"
\beamer@dima=\dimen187
\beamer@dimb=\dimen188
)
("D:\Software\Software Scuola\MikText\tex/latex/beamer\beamerouterthemedefault.
sty")))
("D:\Software\Software Scuola\MikText\tex/latex/beamer\beamerthemeMadrid.sty"
("D:\Software\Software Scuola\MikText\tex/latex/beamer\beamercolorthemewhale.st
y")
("D:\Software\Software Scuola\MikText\tex/latex/beamer\beamercolorthemeorchid.s
ty")
("D:\Software\Software Scuola\MikText\tex/latex/beamer\beamerinnerthemerounded.
sty")
("D:\Software\Software Scuola\MikText\tex/latex/beamer\beamerouterthemeinfoline
s.sty"))
("D:\Software\Software Scuola\MikText\tex/latex/beamer\beamercolorthemebeaver.s
ty")
("D:\Software\Software Scuola\MikText\tex/latex/beamer\beamerfontthemeserif.sty
") ("D:\Software\Software Scuola\MikText\tex/generic/babel\babel.sty"
Package: babel 2018/11/13 3.27 The Babel package

("D:\Software\Software Scuola\MikText\tex/generic/babel\switch.def"
File: switch.def 2018/11/13 3.27 Babel switching mechanism
)
*************************************
* Local config file bblopts.cfg used
*
("D:\Software\Software Scuola\MikText\tex/latex/arabi\bblopts.cfg"
File: bblopts.cfg 2005/09/08 v0.1 add Arabic and Farsi to "declared" options of
 babel
)
("D:\Software\Software Scuola\MikText\tex/latex/babel-english\english.ldf"
Language: english 2017/06/06 v3.3r English support from the babel system

("D:\Software\Software Scuola\MikText\tex/generic/babel\babel.def"
File: babel.def 2018/11/13 3.27 Babel common definitions
\babel@savecnt=\count157
\U@D=\dimen189

("D:\Software\Software Scuola\MikText\tex/generic/babel\txtbabel.def")
LaTeX Info: Redefining \textlatin on input line 2003.
\bbl@dirlevel=\count158
)
\l@canadian = a dialect from \language\l@american 
\l@australian = a dialect from \language\l@british 
\l@newzealand = a dialect from \language\l@british 
))
("D:\Software\Software Scuola\MikText\tex/latex/base\inputenc.sty"
Package: inputenc 2018/08/11 v1.3c Input encoding file
\inpenc@prehook=\toks43
\inpenc@posthook=\toks44

("D:\Software\Software Scuola\MikText\tex/latex/ucs\utf8x.def"
File: utf8x.def 2004/10/17 UCS: Input encoding UTF-8
))
("D:\Software\Software Scuola\MikText\tex/latex/ucs\ucs.sty"
Package: ucs 2013/05/11 v2.2 UCS: Unicode input support

("D:\Software\Software Scuola\MikText\tex/latex/ucs\uni-global.def"
File: uni-global.def 2013/05/13 UCS: Unicode global data
)
\uc@secondtry=\count159
\uc@combtoks=\toks45
\uc@combtoksb=\toks46
\uc@temptokena=\toks47
)
("D:\Software\Software Scuola\MikText\tex/latex/pdfpages\pdfpages.sty"
Package: pdfpages 2017/10/31 v0.5l Insert pages of external PDF documents (AM)

("D:\Software\Software Scuola\MikText\tex/latex/base\ifthen.sty"
Package: ifthen 2014/09/29 v1.1c Standard LaTeX ifthen package (DPC)
)
("D:\Software\Software Scuola\MikText\tex/latex/tools\calc.sty"
Package: calc 2017/05/25 v4.3 Infix arithmetic (KKT,FJ)
\calc@Acount=\count160
\calc@Bcount=\count161
\calc@Adimen=\dimen190
\calc@Bdimen=\dimen191
\calc@Askip=\skip57
\calc@Bskip=\skip58
LaTeX Info: Redefining \setlength on input line 80.
LaTeX Info: Redefining \addtolength on input line 81.
\calc@Ccount=\count162
\calc@Cskip=\skip59
)
("D:\Software\Software Scuola\MikText\tex/latex/eso-pic\eso-pic.sty"
Package: eso-pic 2018/04/12 v2.0h eso-pic (RN)
)
\AM@pagewidth=\dimen192
\AM@pageheight=\dimen193

("D:\Software\Software Scuola\MikText\tex/latex/pdfpages\pppdftex.def"
File: pppdftex.def 2017/10/31 v0.5l Pdfpages driver for pdfTeX (AM)
)
\AM@pagebox=\box54
\AM@global@opts=\toks48
\AM@toc@title=\toks49
\c@AM@survey=\count163
\AM@templatesizebox=\box55
)
("D:\Software\Software Scuola\MikText\tex/latex/framed\framed.sty"
Package: framed 2011/10/22 v 0.96: framed or shaded text with page breaks
\OuterFrameSep=\skip60
\fb@frw=\dimen194
\fb@frh=\dimen195
\FrameRule=\dimen196
\FrameSep=\dimen197
)
("D:\Software\Software Scuola\MikText\tex/latex/listings\listings.sty"
\lst@mode=\count164
\lst@gtempboxa=\box56
\lst@token=\toks50
\lst@length=\count165
\lst@currlwidth=\dimen198
\lst@column=\count166
\lst@pos=\count167
\lst@lostspace=\dimen199
\lst@width=\dimen256
\lst@newlines=\count168
\lst@lineno=\count169
\lst@maxwidth=\dimen257

("D:\Software\Software Scuola\MikText\tex/latex/listings\lstmisc.sty"
File: lstmisc.sty 2018/09/02 1.7 (Carsten Heinz)
\c@lstnumber=\count170
\lst@skipnumbers=\count171
\lst@framebox=\box57
)
("D:\Software\Software Scuola\MikText\tex/latex/listings\listings.cfg"
File: listings.cfg 2018/09/02 1.7 listings configuration
))
Package: listings 2018/09/02 1.7 (Carsten Heinz)

("D:\Software\Software Scuola\MikText\tex/latex/listings\lstlang1.sty"
File: lstlang1.sty 2018/09/02 1.7 listings language file
)
(capitolo_14-15.aux)
\openout1 = `capitolo_14-15.aux'.

LaTeX Font Info:    Checking defaults for OML/cmm/m/it on input line 60.
LaTeX Font Info:    ... okay on input line 60.
LaTeX Font Info:    Checking defaults for T1/cmr/m/n on input line 60.
LaTeX Font Info:    ... okay on input line 60.
LaTeX Font Info:    Checking defaults for OT1/cmr/m/n on input line 60.
LaTeX Font Info:    ... okay on input line 60.
LaTeX Font Info:    Checking defaults for OMS/cmsy/m/n on input line 60.
LaTeX Font Info:    ... okay on input line 60.
LaTeX Font Info:    Checking defaults for OMX/cmex/m/n on input line 60.
LaTeX Font Info:    ... okay on input line 60.
LaTeX Font Info:    Checking defaults for U/cmr/m/n on input line 60.
LaTeX Font Info:    ... okay on input line 60.
LaTeX Font Info:    Checking defaults for PD1/pdf/m/n on input line 60.
LaTeX Font Info:    ... okay on input line 60.

*geometry* driver: auto-detecting
*geometry* detected driver: pdftex
*geometry* verbose mode - [ preamble ] result:
* driver: pdftex
* paper: custom
* layout: <same size as paper>
* layoutoffset:(h,v)=(0.0pt,0.0pt)
* modes: includehead includefoot 
* h-part:(L,W,R)=(10.95003pt, 342.2953pt, 10.95003pt)
* v-part:(T,H,B)=(0.0pt, 273.14662pt, 0.0pt)
* \paperwidth=364.19536pt
* \paperheight=273.14662pt
* \textwidth=342.2953pt
* \textheight=244.6939pt
* \oddsidemargin=-61.31996pt
* \evensidemargin=-61.31996pt
* \topmargin=-72.26999pt
* \headheight=14.22636pt
* \headsep=0.0pt
* \topskip=11.0pt
* \footskip=14.22636pt
* \marginparwidth=4.0pt
* \marginparsep=10.0pt
* \columnsep=10.0pt
* \skip\footins=10.0pt plus 4.0pt minus 2.0pt
* \hoffset=0.0pt
* \voffset=0.0pt
* \mag=1000
* \@twocolumnfalse
* \@twosidefalse
* \@mparswitchfalse
* \@reversemarginfalse
* (1in=72.27pt=25.4mm, 1cm=28.453pt)

("D:\Software\Software Scuola\MikText\tex/context/base\supp-pdf.mkii"
[Loading MPS to PDF converter (version 2006.09.02).]
\scratchcounter=\count172
\scratchdimen=\dimen258
\scratchbox=\box58
\nofMPsegments=\count173
\nofMParguments=\count174
\everyMPshowfont=\toks51
\MPscratchCnt=\count175
\MPscratchDim=\dimen259
\MPnumerator=\count176
\makeMPintoPDFobject=\count177
\everyMPtoPDFconversion=\toks52
) ("D:\Software\Software Scuola\MikText\tex/latex/oberdiek\epstopdf-base.sty"
Package: epstopdf-base 2016/05/15 v2.6 Base part for package epstopdf

("D:\Software\Software Scuola\MikText\tex/latex/oberdiek\grfext.sty"
Package: grfext 2016/05/16 v1.2 Manage graphics extensions (HO)
)
Package epstopdf-base Info: Redefining graphics rule for `.eps' on input line 4
38.
Package grfext Info: Graphics extension search list:
(grfext)             [.pdf,.png,.jpg,.mps,.jpeg,.jbig2,.jb2,.PDF,.PNG,.JPG,.JPE
G,.JBIG2,.JB2,.eps]
(grfext)             \AppendGraphicsExtensions on input line 456.
)
ABD: EveryShipout initializing macros
\AtBeginShipoutBox=\box59
Package hyperref Info: Link coloring OFF on input line 60.

("D:\Software\Software Scuola\MikText\tex/latex/hyperref\nameref.sty"
Package: nameref 2016/05/21 v2.44 Cross-referencing by name of section

("D:\Software\Software Scuola\MikText\tex/generic/oberdiek\gettitlestring.sty"
Package: gettitlestring 2016/05/16 v1.5 Cleanup title references (HO)
)
\c@section@level=\count178
)
LaTeX Info: Redefining \ref on input line 60.
LaTeX Info: Redefining \pageref on input line 60.
LaTeX Info: Redefining \nameref on input line 60.
 (capitolo_14-15.out) (capitolo_14-15.out)
\@outlinefile=\write5
\openout5 = `capitolo_14-15.out'.


("D:\Software\Software Scuola\MikText\tex/latex/translator\translator-basic-dic
tionary-English.dict"
Dictionary: translator-basic-dictionary, Language: English 
)
("D:\Software\Software Scuola\MikText\tex/latex/translator\translator-bibliogra
phy-dictionary-English.dict"
Dictionary: translator-bibliography-dictionary, Language: English 
)
("D:\Software\Software Scuola\MikText\tex/latex/translator\translator-environme
nt-dictionary-English.dict"
Dictionary: translator-environment-dictionary, Language: English 
)
("D:\Software\Software Scuola\MikText\tex/latex/translator\translator-months-di
ctionary-English.dict"
Dictionary: translator-months-dictionary, Language: English 
)
("D:\Software\Software Scuola\MikText\tex/latex/translator\translator-numbers-d
ictionary-English.dict"
Dictionary: translator-numbers-dictionary, Language: English 
)
("D:\Software\Software Scuola\MikText\tex/latex/translator\translator-theorem-d
ictionary-English.dict"
Dictionary: translator-theorem-dictionary, Language: English 
)
("D:\Software\Software Scuola\MikText\tex/latex/ucs\ucsencs.def"
File: ucsencs.def 2011/01/21 Fixes to fontencodings LGR, T3
)
("D:\Software\Software Scuola\MikText\tex/latex/oberdiek\pdflscape.sty"
Package: pdflscape 2016/05/14 v0.11 Display of landscape pages in PDF (HO)

("D:\Software\Software Scuola\MikText\tex/latex/graphics\lscape.sty"
Package: lscape 2000/10/22 v3.01 Landscape Pages (DPC)
)
Package pdflscape Info: Auto-detected driver: pdftex on input line 81.
)
\c@lstlisting=\count179

(capitolo_14-15.nav)
<images/ragazze_digitali.jpg, id=37, 1027.84pt x 770.88pt>
File: images/ragazze_digitali.jpg Graphic file (type jpg)
<use images/ragazze_digitali.jpg>
Package pdftex.def Info: images/ragazze_digitali.jpg  used on input line 65.
(pdftex.def)             Requested size: 364.20352pt x 273.14088pt.
 [1

{C:/Users/Sofia/AppData/Local/MiKTeX/2.9/pdftex/config/pdftex.map} <./images/ra
gazze_digitali.jpg>]
("D:\Software\Software Scuola\MikText\tex/latex/ucs\uni-0.def"
File: uni-0.def 2013/05/13 UCS: Unicode data U+0000..U+00FF
) [2

] [3

]
(capitolo_14-15.toc) [4

]
\openout4 = `capitolo_14-15.vrb'.

 (capitolo_14-15.vrb) [5

]
\openout4 = `capitolo_14-15.vrb'.

 (capitolo_14-15.vrb) [6

]
\openout4 = `capitolo_14-15.vrb'.


(capitolo_14-15.vrb
<images/Caesar.png, id=107, 441.65pt x 186.6975pt>
File: images/Caesar.png Graphic file (type png)
<use images/Caesar.png>
Package pdftex.def Info: images/Caesar.png  used on input line 10.
(pdftex.def)             Requested size: 136.91681pt x 76.82278pt.
<images/AlfabetoCaeser.png, id=109, 381.67593pt x 64.74188pt>
File: images/AlfabetoCaeser.png Graphic file (type png)
<use images/AlfabetoCaeser.png>
Package pdftex.def Info: images/AlfabetoCaeser.png  used on input line 15.
(pdftex.def)             Requested size: 342.31126pt x 71.13922pt.
) [7

 <./images/Caesar.png> <./images/AlfabetoCaeser.png>]
(capitolo_14-15.toc) [8

]
\openout4 = `capitolo_14-15.vrb'.

 (capitolo_14-15.vrb) [9

] (capitolo_14-15.toc) [10

]
\openout4 = `capitolo_14-15.vrb'.


(capitolo_14-15.vrb) [11

]
\openout4 = `capitolo_14-15.vrb'.

 (capitolo_14-15.vrb) [12

] (capitolo_14-15.toc)
[13

]
\openout4 = `capitolo_14-15.vrb'.

 (capitolo_14-15.vrb)
Overfull \vbox (5.12595pt too high) detected at line 225
 []

[14

] (capitolo_14-15.toc) [15

]
\openout4 = `capitolo_14-15.vrb'.

 (capitolo_14-15.vrb) [16

]
\openout4 = `capitolo_14-15.vrb'.

 (capitolo_14-15.vrb)
[17

]
\openout4 = `capitolo_14-15.vrb'.

 (capitolo_14-15.vrb) [18

]
\openout4 = `capitolo_14-15.vrb'.

 (capitolo_14-15.vrb) [19

]
\openout4 = `capitolo_14-15.vrb'.

 (capitolo_14-15.vrb)
[20

] (capitolo_14-15.toc) [21

]
\openout4 = `capitolo_14-15.vrb'.

 (capitolo_14-15.vrb) [22

]
\openout4 = `capitolo_14-15.vrb'.

 (capitolo_14-15.vrb
<images/ReverseGame1.png, id=240, 162.6075pt x 160.34906pt>
File: images/ReverseGame1.png Graphic file (type png)
<use images/ReverseGame1.png>
Package pdftex.def Info: images/ReverseGame1.png  used on input line 8.
(pdftex.def)             Requested size: 71.13315pt x 71.13367pt.
<images/ReverseGame2.png, id=241, 160.34906pt x 161.10187pt>
File: images/ReverseGame2.png Graphic file (type png)
<use images/ReverseGame2.png>
Package pdftex.def Info: images/ReverseGame2.png  used on input line 18.
(pdftex.def)             Requested size: 71.13367pt x 71.13332pt.
<images/ReverseGame3.png, id=242, 161.85469pt x 156.585pt>
File: images/ReverseGame3.png Graphic file (type png)
<use images/ReverseGame3.png>
Package pdftex.def Info: images/ReverseGame3.png  used on input line 25.
(pdftex.def)             Requested size: 71.1323pt x 71.13399pt.
)
Overfull \vbox (1.32556pt too high) detected at line 328
 []

[23

 <./images/ReverseGame1.png> <./images/ReverseGame2.png> <./images/ReverseGame3
.png>]
\openout4 = `capitolo_14-15.vrb'.

 (capitolo_14-15.vrb) [24

]
\openout4 = `capitolo_14-15.vrb'.

 (capitolo_14-15.vrb) [25

]
\openout4 = `capitolo_14-15.vrb'.


(capitolo_14-15.vrb) [26

]
\openout4 = `capitolo_14-15.vrb'.

 (capitolo_14-15.vrb) [27

]
<images/cc.jpeg, id=279, 88.33pt x 31.11626pt>
File: images/cc.jpeg Graphic file (type jpg)
<use images/cc.jpeg>
Package pdftex.def Info: images/cc.jpeg  used on input line 388.
(pdftex.def)             Requested size: 64.61647pt x 22.76228pt.
 [28

 <./images/cc.jpeg>]
\tf@nav=\write6
\openout6 = `capitolo_14-15.nav'.

\tf@toc=\write7
\openout7 = `capitolo_14-15.toc'.

\tf@snm=\write8
\openout8 = `capitolo_14-15.snm'.

Package atveryend Info: Empty hook `BeforeClearDocument' on input line 389.
Package atveryend Info: Empty hook `AfterLastShipout' on input line 389.

(capitolo_14-15.aux)
Package atveryend Info: Executing hook `AtVeryEndDocument' on input line 389.
Package atveryend Info: Executing hook `AtEndAfterFileList' on input line 389.
Package rerunfilecheck Info: File `capitolo_14-15.out' has not changed.
(rerunfilecheck)             Checksum: 1B4D952489B36731F3C1C5AAEBD75B70;342.
 ) 
Here is how much of TeX's memory you used:
 21260 strings out of 492946
 390311 string characters out of 3131999
 678327 words of memory out of 3000000
 24569 multiletter control sequences out of 15000+200000
 6903 words of font info for 25 fonts, out of 3000000 for 9000
 1141 hyphenation exceptions out of 8191
 56i,15n,65p,802b,1598s stack positions out of 5000i,500n,10000p,200000b,50000s
<D:/Software/Software Scuola/MikText/fonts/type1/public/amsfonts/cm/cmbx10.pf
b><D:/Software/Software Scuola/MikText/fonts/type1/public/amsfonts/cm/cmbxti10.
pfb><D:/Software/Software Scuola/MikText/fonts/type1/public/amsfonts/cm/cmr10.p
fb><D:/Software/Software Scuola/MikText/fonts/type1/public/amsfonts/cm/cmr12.pf
b><D:/Software/Software Scuola/MikText/fonts/type1/public/amsfonts/cm/cmr6.pfb>
<D:/Software/Software Scuola/MikText/fonts/type1/public/amsfonts/cm/cmr8.pfb><D
:/Software/Software Scuola/MikText/fonts/type1/public/amsfonts/cm/cmti10.pfb><D
:/Software/Software Scuola/MikText/fonts/type1/public/amsfonts/cm/cmtt10.pfb>
Output written on capitolo_14-15.pdf (28 pages, 318631 bytes).
PDF statistics:
 327 PDF objects out of 1000 (max. 8388607)
 63 named destinations out of 1000 (max. 500000)
 174 words of extra memory for PDF output out of 10000 (max. 10000000)

